{"/home/otaku1944/Desktop/React-TS-2025-DevTalles/02-firsts-steps/src/FirstStepsApp.tsx": {"path":"/home/otaku1944/Desktop/React-TS-2025-DevTalles/02-firsts-steps/src/FirstStepsApp.tsx","all":false,"statementMap":{"0":{"start":{"line":1,"column":0},"end":{"line":1,"column":54}},"8":{"start":{"line":9,"column":0},"end":{"line":9,"column":35}},"9":{"start":{"line":10,"column":0},"end":{"line":10,"column":38}},"10":{"start":{"line":11,"column":0},"end":{"line":11,"column":41}},"11":{"start":{"line":12,"column":0},"end":{"line":12,"column":42}},"12":{"start":{"line":13,"column":0},"end":{"line":13,"column":44}},"13":{"start":{"line":14,"column":0},"end":{"line":14,"column":44}},"14":{"start":{"line":15,"column":0},"end":{"line":15,"column":1}},"15":{"start":{"line":16,"column":0},"end":{"line":16,"column":33}},"16":{"start":{"line":17,"column":0},"end":{"line":17,"column":10}},"17":{"start":{"line":18,"column":0},"end":{"line":18,"column":6}},"20":{"start":{"line":21,"column":0},"end":{"line":21,"column":30}},"22":{"start":{"line":23,"column":0},"end":{"line":23,"column":58}},"23":{"start":{"line":24,"column":0},"end":{"line":24,"column":84}},"29":{"start":{"line":30,"column":0},"end":{"line":30,"column":2}}},"s":{"0":1,"8":1,"9":1,"10":1,"11":1,"12":1,"13":1,"14":1,"15":1,"16":2,"17":2,"20":2,"22":2,"23":2,"29":2},"branchMap":{"0":{"type":"branch","line":16,"loc":{"start":{"line":16,"column":7},"end":{"line":30,"column":2}},"locations":[{"start":{"line":16,"column":7},"end":{"line":30,"column":2}}]}},"b":{"0":[2]},"fnMap":{"0":{"name":"FirstStepsApp","decl":{"start":{"line":16,"column":7},"end":{"line":30,"column":2}},"loc":{"start":{"line":16,"column":7},"end":{"line":30,"column":2}},"line":16}},"f":{"0":2}}
,"/home/otaku1944/Desktop/React-TS-2025-DevTalles/02-firsts-steps/src/MyAwesomeApp.tsx": {"path":"/home/otaku1944/Desktop/React-TS-2025-DevTalles/02-firsts-steps/src/MyAwesomeApp.tsx","all":false,"statementMap":{"7":{"start":{"line":8,"column":0},"end":{"line":8,"column":33}},"8":{"start":{"line":9,"column":0},"end":{"line":9,"column":29}},"9":{"start":{"line":10,"column":0},"end":{"line":10,"column":57}},"10":{"start":{"line":11,"column":0},"end":{"line":11,"column":31}},"11":{"start":{"line":12,"column":0},"end":{"line":12,"column":25}},"12":{"start":{"line":13,"column":0},"end":{"line":13,"column":20}},"13":{"start":{"line":14,"column":0},"end":{"line":14,"column":22}},"14":{"start":{"line":15,"column":0},"end":{"line":15,"column":1}},"16":{"start":{"line":17,"column":0},"end":{"line":17,"column":40}},"17":{"start":{"line":18,"column":0},"end":{"line":18,"column":36}},"18":{"start":{"line":19,"column":0},"end":{"line":19,"column":14}},"19":{"start":{"line":20,"column":0},"end":{"line":20,"column":18}},"20":{"start":{"line":21,"column":0},"end":{"line":21,"column":1}},"22":{"start":{"line":23,"column":0},"end":{"line":23,"column":28}},"23":{"start":{"line":24,"column":0},"end":{"line":24,"column":10}},"24":{"start":{"line":25,"column":0},"end":{"line":25,"column":6}},"25":{"start":{"line":26,"column":0},"end":{"line":26,"column":33}},"26":{"start":{"line":27,"column":0},"end":{"line":27,"column":55}},"27":{"start":{"line":28,"column":0},"end":{"line":28,"column":43}},"28":{"start":{"line":29,"column":0},"end":{"line":29,"column":32}},"29":{"start":{"line":30,"column":0},"end":{"line":30,"column":49}},"30":{"start":{"line":31,"column":0},"end":{"line":31,"column":43}},"31":{"start":{"line":32,"column":0},"end":{"line":32,"column":64}},"32":{"start":{"line":33,"column":0},"end":{"line":33,"column":32}},"37":{"start":{"line":38,"column":0},"end":{"line":38,"column":2}},"38":{"start":{"line":39,"column":0},"end":{"line":39,"column":28}}},"s":{"7":1,"8":1,"9":1,"10":1,"11":1,"12":1,"13":1,"14":1,"16":1,"17":1,"18":1,"19":1,"20":1,"22":1,"23":5,"24":5,"25":5,"26":5,"27":5,"28":5,"29":5,"30":5,"31":5,"32":5,"37":5,"38":1},"branchMap":{"0":{"type":"branch","line":23,"loc":{"start":{"line":23,"column":21},"end":{"line":38,"column":2}},"locations":[{"start":{"line":23,"column":21},"end":{"line":38,"column":2}}]},"1":{"type":"branch","line":30,"loc":{"start":{"line":30,"column":22},"end":{"line":30,"column":49}},"locations":[{"start":{"line":30,"column":22},"end":{"line":30,"column":49}}]}},"b":{"0":[5],"1":[0]},"fnMap":{"0":{"name":"MyAwesomeApp","decl":{"start":{"line":23,"column":21},"end":{"line":38,"column":2}},"loc":{"start":{"line":23,"column":21},"end":{"line":38,"column":2}},"line":23}},"f":{"0":5}}
,"/home/otaku1944/Desktop/React-TS-2025-DevTalles/02-firsts-steps/src/main.tsx": {"path":"/home/otaku1944/Desktop/React-TS-2025-DevTalles/02-firsts-steps/src/main.tsx","all":true,"statementMap":{"0":{"start":{"line":1,"column":0},"end":{"line":1,"column":35}},"1":{"start":{"line":2,"column":0},"end":{"line":2,"column":46}},"2":{"start":{"line":3,"column":0},"end":{"line":3,"column":48}},"3":{"start":{"line":4,"column":0},"end":{"line":4,"column":45}},"6":{"start":{"line":7,"column":0},"end":{"line":7,"column":52}},"7":{"start":{"line":8,"column":0},"end":{"line":8,"column":14}},"8":{"start":{"line":9,"column":0},"end":{"line":9,"column":21}}},"s":{"0":0,"1":0,"2":0,"3":0,"6":0,"7":0,"8":0},"branchMap":{"0":{"type":"branch","line":1,"loc":{"start":{"line":1,"column":521},"end":{"line":18,"column":2}},"locations":[{"start":{"line":1,"column":521},"end":{"line":18,"column":2}}]}},"b":{"0":[0]},"fnMap":{"0":{"name":"(empty-report)","decl":{"start":{"line":1,"column":521},"end":{"line":18,"column":2}},"loc":{"start":{"line":1,"column":521},"end":{"line":18,"column":2}},"line":1}},"f":{"0":0}}
,"/home/otaku1944/Desktop/React-TS-2025-DevTalles/02-firsts-steps/src/helpers/math.helper.ts": {"path":"/home/otaku1944/Desktop/React-TS-2025-DevTalles/02-firsts-steps/src/helpers/math.helper.ts","all":false,"statementMap":{"1":{"start":{"line":2,"column":0},"end":{"line":2,"column":46}},"2":{"start":{"line":3,"column":0},"end":{"line":3,"column":8}},"3":{"start":{"line":4,"column":0},"end":{"line":4,"column":8}},"4":{"start":{"line":5,"column":0},"end":{"line":5,"column":15}},"5":{"start":{"line":6,"column":0},"end":{"line":6,"column":6}},"7":{"start":{"line":8,"column":0},"end":{"line":8,"column":52}},"8":{"start":{"line":9,"column":0},"end":{"line":9,"column":15}},"9":{"start":{"line":10,"column":0},"end":{"line":10,"column":1}},"11":{"start":{"line":12,"column":0},"end":{"line":12,"column":51}},"12":{"start":{"line":13,"column":0},"end":{"line":13,"column":15}},"13":{"start":{"line":14,"column":0},"end":{"line":14,"column":1}},"15":{"start":{"line":16,"column":0},"end":{"line":16,"column":49}},"16":{"start":{"line":17,"column":0},"end":{"line":17,"column":16}},"17":{"start":{"line":18,"column":0},"end":{"line":18,"column":1}}},"s":{"1":1,"2":2,"3":2,"4":2,"5":2,"7":1,"8":2,"9":2,"11":1,"12":3,"13":3,"15":1,"16":0,"17":0},"branchMap":{"0":{"type":"branch","line":2,"loc":{"start":{"line":2,"column":19},"end":{"line":6,"column":6}},"locations":[{"start":{"line":2,"column":19},"end":{"line":6,"column":6}}]},"1":{"type":"branch","line":8,"loc":{"start":{"line":8,"column":25},"end":{"line":10,"column":1}},"locations":[{"start":{"line":8,"column":25},"end":{"line":10,"column":1}}]},"2":{"type":"branch","line":12,"loc":{"start":{"line":12,"column":24},"end":{"line":14,"column":1}},"locations":[{"start":{"line":12,"column":24},"end":{"line":14,"column":1}}]}},"b":{"0":[2],"1":[2],"2":[3]},"fnMap":{"0":{"name":"add","decl":{"start":{"line":2,"column":19},"end":{"line":6,"column":6}},"loc":{"start":{"line":2,"column":19},"end":{"line":6,"column":6}},"line":2},"1":{"name":"substract","decl":{"start":{"line":8,"column":25},"end":{"line":10,"column":1}},"loc":{"start":{"line":8,"column":25},"end":{"line":10,"column":1}},"line":8},"2":{"name":"multiply","decl":{"start":{"line":12,"column":24},"end":{"line":14,"column":1}},"loc":{"start":{"line":12,"column":24},"end":{"line":14,"column":1}},"line":12},"3":{"name":"divide","decl":{"start":{"line":16,"column":22},"end":{"line":18,"column":1}},"loc":{"start":{"line":16,"column":22},"end":{"line":18,"column":1}},"line":16}},"f":{"0":2,"1":2,"2":3,"3":0}}
,"/home/otaku1944/Desktop/React-TS-2025-DevTalles/02-firsts-steps/src/shopping-cart/ItemCounter.tsx": {"path":"/home/otaku1944/Desktop/React-TS-2025-DevTalles/02-firsts-steps/src/shopping-cart/ItemCounter.tsx","all":false,"statementMap":{"0":{"start":{"line":1,"column":0},"end":{"line":1,"column":33}},"4":{"start":{"line":5,"column":0},"end":{"line":5,"column":28}},"12":{"start":{"line":13,"column":0},"end":{"line":13,"column":56}},"14":{"start":{"line":15,"column":0},"end":{"line":15,"column":51}},"16":{"start":{"line":17,"column":0},"end":{"line":17,"column":27}},"17":{"start":{"line":18,"column":0},"end":{"line":18,"column":27}},"18":{"start":{"line":19,"column":0},"end":{"line":19,"column":3}},"20":{"start":{"line":21,"column":0},"end":{"line":21,"column":33}},"21":{"start":{"line":22,"column":0},"end":{"line":22,"column":29}},"22":{"start":{"line":23,"column":0},"end":{"line":23,"column":27}},"23":{"start":{"line":24,"column":0},"end":{"line":24,"column":3}},"25":{"start":{"line":26,"column":0},"end":{"line":26,"column":10}},"26":{"start":{"line":27,"column":0},"end":{"line":27,"column":34}},"27":{"start":{"line":28,"column":0},"end":{"line":28,"column":21}},"28":{"start":{"line":29,"column":0},"end":{"line":29,"column":36}},"29":{"start":{"line":30,"column":0},"end":{"line":30,"column":39}},"30":{"start":{"line":31,"column":0},"end":{"line":31,"column":49}},"31":{"start":{"line":32,"column":0},"end":{"line":32,"column":43}},"32":{"start":{"line":33,"column":0},"end":{"line":33,"column":43}},"35":{"start":{"line":36,"column":0},"end":{"line":36,"column":1}},"36":{"start":{"line":37,"column":0},"end":{"line":37,"column":27}}},"s":{"0":1,"4":1,"12":1,"14":7,"16":7,"17":1,"18":1,"20":7,"21":2,"22":1,"23":1,"25":7,"26":7,"27":7,"28":7,"29":7,"30":7,"31":7,"32":7,"35":7,"36":1},"branchMap":{"0":{"type":"branch","line":13,"loc":{"start":{"line":13,"column":20},"end":{"line":36,"column":1}},"locations":[{"start":{"line":13,"column":20},"end":{"line":36,"column":1}}]},"1":{"type":"branch","line":17,"loc":{"start":{"line":17,"column":20},"end":{"line":19,"column":3}},"locations":[{"start":{"line":17,"column":20},"end":{"line":19,"column":3}}]},"2":{"type":"branch","line":21,"loc":{"start":{"line":21,"column":26},"end":{"line":24,"column":3}},"locations":[{"start":{"line":21,"column":26},"end":{"line":24,"column":3}}]},"3":{"type":"branch","line":22,"loc":{"start":{"line":22,"column":22},"end":{"line":24,"column":3}},"locations":[{"start":{"line":22,"column":22},"end":{"line":24,"column":3}}]}},"b":{"0":[7],"1":[1],"2":[2],"3":[1]},"fnMap":{"0":{"name":"ItemCounter","decl":{"start":{"line":13,"column":20},"end":{"line":36,"column":1}},"loc":{"start":{"line":13,"column":20},"end":{"line":36,"column":1}},"line":13},"1":{"name":"handleAdd","decl":{"start":{"line":17,"column":20},"end":{"line":19,"column":3}},"loc":{"start":{"line":17,"column":20},"end":{"line":19,"column":3}},"line":17},"2":{"name":"handleSubstract","decl":{"start":{"line":21,"column":26},"end":{"line":24,"column":3}},"loc":{"start":{"line":21,"column":26},"end":{"line":24,"column":3}},"line":21}},"f":{"0":7,"1":1,"2":2}}
}
