<?xml version="1.0" encoding="UTF-8"?>
<coverage generated="1774245257558" clover="3.2.0">
  <project timestamp="1774245257558" name="All files">
    <metrics statements="41" coveredstatements="41" conditionals="16" coveredconditionals="14" methods="15" coveredmethods="15" elements="72" coveredelements="70" complexity="0" loc="41" ncloc="41" packages="4" files="7" classes="7"/>
    <package name="actions">
      <metrics statements="14" coveredstatements="14" conditionals="10" coveredconditionals="9" methods="4" coveredmethods="4"/>
      <file name="get-hero.action.ts" path="/home/otaku1944/Desktop/React-TS-2025-DevTalles/05-heroes-app/src/heroes/actions/get-hero.action.ts">
        <metrics statements="4" coveredstatements="4" conditionals="0" coveredconditionals="0" methods="1" coveredmethods="1"/>
        <line num="5" count="1" type="stmt"/>
        <line num="7" count="1" type="stmt"/>
        <line num="9" count="2" type="stmt"/>
        <line num="11" count="1" type="stmt"/>
      </file>
      <file name="get-heroes-by-page.action.ts" path="/home/otaku1944/Desktop/React-TS-2025-DevTalles/05-heroes-app/src/heroes/actions/get-heroes-by-page.action.ts">
        <metrics statements="7" coveredstatements="7" conditionals="10" coveredconditionals="9" methods="2" coveredmethods="2"/>
        <line num="4" count="1" type="stmt"/>
        <line num="6" count="1" type="stmt"/>
        <line num="14" count="4" type="cond" truecount="4" falsecount="0"/>
        <line num="15" count="4" type="cond" truecount="3" falsecount="1"/>
        <line num="17" count="4" type="stmt"/>
        <line num="25" count="4" type="stmt"/>
        <line num="30" count="4" type="stmt"/>
      </file>
      <file name="get-summary.action.ts" path="/home/otaku1944/Desktop/React-TS-2025-DevTalles/05-heroes-app/src/heroes/actions/get-summary.action.ts">
        <metrics statements="3" coveredstatements="3" conditionals="0" coveredconditionals="0" methods="1" coveredmethods="1"/>
        <line num="5" count="1" type="stmt"/>
        <line num="6" count="1" type="stmt"/>
        <line num="7" count="1" type="stmt"/>
      </file>
    </package>
    <package name="api">
      <metrics statements="2" coveredstatements="2" conditionals="2" coveredconditionals="1" methods="0" coveredmethods="0"/>
      <file name="hero.api.ts" path="/home/otaku1944/Desktop/React-TS-2025-DevTalles/05-heroes-app/src/heroes/api/hero.api.ts">
        <metrics statements="2" coveredstatements="2" conditionals="2" coveredconditionals="1" methods="0" coveredmethods="0"/>
        <line num="4" count="4" type="cond" truecount="1" falsecount="1"/>
        <line num="6" count="4" type="stmt"/>
      </file>
    </package>
    <package name="context">
      <metrics statements="20" coveredstatements="20" conditionals="4" coveredconditionals="4" methods="8" coveredmethods="8"/>
      <file name="FavoriteHeroContext.tsx" path="/home/otaku1944/Desktop/React-TS-2025-DevTalles/05-heroes-app/src/heroes/context/FavoriteHeroContext.tsx">
        <metrics statements="20" coveredstatements="20" conditionals="4" coveredconditionals="4" methods="8" coveredmethods="8"/>
        <line num="15" count="1" type="stmt"/>
        <line num="17" count="1" type="stmt"/>
        <line num="18" count="5" type="stmt"/>
        <line num="19" count="5" type="cond" truecount="2" falsecount="0"/>
        <line num="20" count="3" type="stmt"/>
        <line num="23" count="1" type="stmt"/>
        <line num="25" count="5" type="stmt"/>
        <line num="27" count="5" type="stmt"/>
        <line num="28" count="2" type="stmt"/>
        <line num="29" count="2" type="cond" truecount="2" falsecount="0"/>
        <line num="30" count="1" type="stmt"/>
        <line num="31" count="1" type="stmt"/>
        <line num="32" count="1" type="stmt"/>
        <line num="34" count="1" type="stmt"/>
        <line num="37" count="5" type="stmt"/>
        <line num="38" count="5" type="stmt"/>
        <line num="41" count="5" type="stmt"/>
        <line num="43" count="5" type="stmt"/>
        <line num="44" count="5" type="stmt"/>
        <line num="47" count="5" type="stmt"/>
      </file>
    </package>
    <package name="hooks">
      <metrics statements="5" coveredstatements="5" conditionals="0" coveredconditionals="0" methods="3" coveredmethods="3"/>
      <file name="useHeroSummary.tsx" path="/home/otaku1944/Desktop/React-TS-2025-DevTalles/05-heroes-app/src/heroes/hooks/useHeroSummary.tsx">
        <metrics statements="2" coveredstatements="2" conditionals="0" coveredconditionals="0" methods="1" coveredmethods="1"/>
        <line num="4" count="1" type="stmt"/>
        <line num="6" count="5" type="stmt"/>
      </file>
      <file name="usePaginatedHero.tsx" path="/home/otaku1944/Desktop/React-TS-2025-DevTalles/05-heroes-app/src/heroes/hooks/usePaginatedHero.tsx">
        <metrics statements="3" coveredstatements="3" conditionals="0" coveredconditionals="0" methods="2" coveredmethods="2"/>
        <line num="4" count="1" type="stmt"/>
        <line num="6" count="3" type="stmt"/>
        <line num="8" count="2" type="stmt"/>
      </file>
    </package>
  </project>
</coverage>
