{"/home/otaku1944/Desktop/React-TS-2025-DevTalles/05-heroes-app/src/heroes/actions/get-hero.action.ts": {"path":"/home/otaku1944/Desktop/React-TS-2025-DevTalles/05-heroes-app/src/heroes/actions/get-hero.action.ts","statementMap":{"0":{"start":{"line":5,"column":17},"end":{"line":5,"column":50}},"1":{"start":{"line":7,"column":29},"end":{"line":15,"column":null}},"2":{"start":{"line":9,"column":18},"end":{"line":9,"column":null}},"3":{"start":{"line":11,"column":2},"end":{"line":14,"column":null}}},"fnMap":{"0":{"name":"(anonymous_0)","decl":{"start":{"line":7,"column":29},"end":{"line":7,"column":36}},"loc":{"start":{"line":7,"column":36},"end":{"line":15,"column":null}},"line":7}},"branchMap":{},"s":{"0":1,"1":1,"2":2,"3":1},"f":{"0":2},"b":{},"meta":{"lastBranch":0,"lastFunction":1,"lastStatement":4,"seen":{"s:5:17:5:50":0,"s:7:29:15:Infinity":1,"f:7:29:7:36":0,"s:9:18:9:Infinity":2,"s:11:2:14:Infinity":3}}}
,"/home/otaku1944/Desktop/React-TS-2025-DevTalles/05-heroes-app/src/heroes/actions/get-heroes-by-page.action.ts": {"path":"/home/otaku1944/Desktop/React-TS-2025-DevTalles/05-heroes-app/src/heroes/actions/get-heroes-by-page.action.ts","statementMap":{"0":{"start":{"line":4,"column":17},"end":{"line":4,"column":null}},"1":{"start":{"line":6,"column":37},"end":{"line":34,"column":null}},"2":{"start":{"line":14,"column":2},"end":{"line":14,"column":null}},"3":{"start":{"line":14,"column":30},"end":{"line":14,"column":null}},"4":{"start":{"line":15,"column":2},"end":{"line":15,"column":null}},"5":{"start":{"line":15,"column":32},"end":{"line":15,"column":null}},"6":{"start":{"line":17,"column":19},"end":{"line":23,"column":null}},"7":{"start":{"line":25,"column":17},"end":{"line":28,"column":null}},"8":{"start":{"line":25,"column":42},"end":{"line":28,"column":null}},"9":{"start":{"line":30,"column":2},"end":{"line":33,"column":null}}},"fnMap":{"0":{"name":"(anonymous_0)","decl":{"start":{"line":6,"column":37},"end":{"line":6,"column":null}},"loc":{"start":{"line":11,"column":2},"end":{"line":34,"column":null}},"line":11},"1":{"name":"(anonymous_1)","decl":{"start":{"line":25,"column":33},"end":{"line":25,"column":42}},"loc":{"start":{"line":25,"column":42},"end":{"line":28,"column":null}},"line":25}},"branchMap":{"0":{"loc":{"start":{"line":8,"column":2},"end":{"line":8,"column":19}},"type":"default-arg","locations":[{"start":{"line":8,"column":18},"end":{"line":8,"column":19}}],"line":8},"1":{"loc":{"start":{"line":9,"column":2},"end":{"line":9,"column":26}},"type":"default-arg","locations":[{"start":{"line":9,"column":21},"end":{"line":9,"column":26}}],"line":9},"2":{"loc":{"start":{"line":14,"column":2},"end":{"line":14,"column":null}},"type":"if","locations":[{"start":{"line":14,"column":2},"end":{"line":14,"column":null}},{"start":{},"end":{}}],"line":14},"3":{"loc":{"start":{"line":14,"column":5},"end":{"line":14,"column":30}},"type":"binary-expr","locations":[{"start":{"line":14,"column":5},"end":{"line":14,"column":20}},{"start":{"line":14,"column":20},"end":{"line":14,"column":30}}],"line":14},"4":{"loc":{"start":{"line":15,"column":2},"end":{"line":15,"column":null}},"type":"if","locations":[{"start":{"line":15,"column":2},"end":{"line":15,"column":null}},{"start":{},"end":{}}],"line":15},"5":{"loc":{"start":{"line":15,"column":5},"end":{"line":15,"column":32}},"type":"binary-expr","locations":[{"start":{"line":15,"column":5},"end":{"line":15,"column":21}},{"start":{"line":15,"column":21},"end":{"line":15,"column":32}}],"line":15}},"s":{"0":1,"1":1,"2":4,"3":1,"4":4,"5":0,"6":4,"7":4,"8":2,"9":4},"f":{"0":4,"1":2},"b":{"0":[4],"1":[4],"2":[1,3],"3":[4,3],"4":[0,4],"5":[4,4]},"meta":{"lastBranch":6,"lastFunction":2,"lastStatement":10,"seen":{"s:4:17:4:Infinity":0,"s:6:37:34:Infinity":1,"f:6:37:6:Infinity":0,"b:8:18:8:19":0,"b:9:21:9:26":1,"b:14:2:14:Infinity:undefined:undefined:undefined:undefined":2,"s:14:2:14:Infinity":2,"b:14:5:14:20:14:20:14:30":3,"s:14:30:14:Infinity":3,"b:15:2:15:Infinity:undefined:undefined:undefined:undefined":4,"s:15:2:15:Infinity":4,"b:15:5:15:21:15:21:15:32":5,"s:15:32:15:Infinity":5,"s:17:19:23:Infinity":6,"s:25:17:28:Infinity":7,"f:25:33:25:42":1,"s:25:42:28:Infinity":8,"s:30:2:33:Infinity":9}}}
,"/home/otaku1944/Desktop/React-TS-2025-DevTalles/05-heroes-app/src/heroes/actions/get-summary.action.ts": {"path":"/home/otaku1944/Desktop/React-TS-2025-DevTalles/05-heroes-app/src/heroes/actions/get-summary.action.ts","statementMap":{"0":{"start":{"line":5,"column":32},"end":{"line":8,"column":null}},"1":{"start":{"line":6,"column":17},"end":{"line":6,"column":null}},"2":{"start":{"line":7,"column":2},"end":{"line":7,"column":null}}},"fnMap":{"0":{"name":"(anonymous_0)","decl":{"start":{"line":5,"column":32},"end":{"line":5,"column":null}},"loc":{"start":{"line":5,"column":32},"end":{"line":8,"column":null}},"line":5}},"branchMap":{},"s":{"0":1,"1":1,"2":1},"f":{"0":1},"b":{},"meta":{"lastBranch":0,"lastFunction":1,"lastStatement":3,"seen":{"s:5:32:8:Infinity":0,"f:5:32:5:Infinity":0,"s:6:17:6:Infinity":1,"s:7:2:7:Infinity":2}}}
,"/home/otaku1944/Desktop/React-TS-2025-DevTalles/05-heroes-app/src/heroes/api/hero.api.ts": {"path":"/home/otaku1944/Desktop/React-TS-2025-DevTalles/05-heroes-app/src/heroes/api/hero.api.ts","statementMap":{"0":{"start":{"line":4,"column":17},"end":{"line":4,"column":null}},"1":{"start":{"line":6,"column":23},"end":{"line":8,"column":null}}},"fnMap":{},"branchMap":{"0":{"loc":{"start":{"line":4,"column":17},"end":{"line":4,"column":null}},"type":"binary-expr","locations":[{"start":{"line":4,"column":17},"end":{"line":4,"column":50}},{"start":{"line":4,"column":54},"end":{"line":4,"column":null}}],"line":4}},"s":{"0":4,"1":4},"f":{},"b":{"0":[4,0]},"meta":{"lastBranch":1,"lastFunction":0,"lastStatement":2,"seen":{"s:4:17:4:Infinity":0,"b:4:17:4:50:4:54:4:Infinity":0,"s:6:23:8:Infinity":1}}}
,"/home/otaku1944/Desktop/React-TS-2025-DevTalles/05-heroes-app/src/heroes/context/FavoriteHeroContext.tsx": {"path":"/home/otaku1944/Desktop/React-TS-2025-DevTalles/05-heroes-app/src/heroes/context/FavoriteHeroContext.tsx","statementMap":{"0":{"start":{"line":15,"column":13},"end":{"line":15,"column":null}},"1":{"start":{"line":17,"column":37},"end":{"line":21,"column":null}},"2":{"start":{"line":18,"column":25},"end":{"line":18,"column":null}},"3":{"start":{"line":19,"column":2},"end":{"line":19,"column":null}},"4":{"start":{"line":19,"column":23},"end":{"line":19,"column":null}},"5":{"start":{"line":20,"column":2},"end":{"line":20,"column":null}},"6":{"start":{"line":23,"column":36},"end":{"line":59,"column":null}},"7":{"start":{"line":25,"column":33},"end":{"line":25,"column":null}},"8":{"start":{"line":27,"column":25},"end":{"line":35,"column":null}},"9":{"start":{"line":28,"column":22},"end":{"line":28,"column":null}},"10":{"start":{"line":28,"column":44},"end":{"line":28,"column":62}},"11":{"start":{"line":29,"column":4},"end":{"line":33,"column":null}},"12":{"start":{"line":30,"column":27},"end":{"line":30,"column":null}},"13":{"start":{"line":30,"column":51},"end":{"line":30,"column":69}},"14":{"start":{"line":31,"column":6},"end":{"line":31,"column":null}},"15":{"start":{"line":32,"column":6},"end":{"line":32,"column":null}},"16":{"start":{"line":34,"column":4},"end":{"line":34,"column":null}},"17":{"start":{"line":37,"column":21},"end":{"line":39,"column":null}},"18":{"start":{"line":38,"column":4},"end":{"line":38,"column":null}},"19":{"start":{"line":38,"column":33},"end":{"line":38,"column":51}},"20":{"start":{"line":41,"column":24},"end":{"line":41,"column":40}},"21":{"start":{"line":43,"column":2},"end":{"line":45,"column":null}},"22":{"start":{"line":44,"column":4},"end":{"line":44,"column":null}},"23":{"start":{"line":47,"column":2},"end":{"line":56,"column":null}}},"fnMap":{"0":{"name":"(anonymous_0)","decl":{"start":{"line":17,"column":37},"end":{"line":17,"column":null}},"loc":{"start":{"line":17,"column":37},"end":{"line":21,"column":null}},"line":17},"1":{"name":"(anonymous_1)","decl":{"start":{"line":23,"column":36},"end":{"line":23,"column":37}},"loc":{"start":{"line":23,"column":68},"end":{"line":59,"column":null}},"line":23},"2":{"name":"(anonymous_2)","decl":{"start":{"line":27,"column":25},"end":{"line":27,"column":26}},"loc":{"start":{"line":27,"column":26},"end":{"line":35,"column":null}},"line":27},"3":{"name":"(anonymous_3)","decl":{"start":{"line":28,"column":37},"end":{"line":28,"column":44}},"loc":{"start":{"line":28,"column":44},"end":{"line":28,"column":62}},"line":28},"4":{"name":"(anonymous_4)","decl":{"start":{"line":30,"column":44},"end":{"line":30,"column":51}},"loc":{"start":{"line":30,"column":51},"end":{"line":30,"column":69}},"line":30},"5":{"name":"(anonymous_5)","decl":{"start":{"line":37,"column":21},"end":{"line":37,"column":22}},"loc":{"start":{"line":37,"column":22},"end":{"line":39,"column":null}},"line":37},"6":{"name":"(anonymous_6)","decl":{"start":{"line":38,"column":26},"end":{"line":38,"column":33}},"loc":{"start":{"line":38,"column":33},"end":{"line":38,"column":51}},"line":38},"7":{"name":"(anonymous_7)","decl":{"start":{"line":43,"column":12},"end":{"line":43,"column":null}},"loc":{"start":{"line":43,"column":12},"end":{"line":45,"column":5}},"line":43}},"branchMap":{"0":{"loc":{"start":{"line":19,"column":2},"end":{"line":19,"column":null}},"type":"if","locations":[{"start":{"line":19,"column":2},"end":{"line":19,"column":null}},{"start":{},"end":{}}],"line":19},"1":{"loc":{"start":{"line":29,"column":4},"end":{"line":33,"column":null}},"type":"if","locations":[{"start":{"line":29,"column":4},"end":{"line":33,"column":null}},{"start":{},"end":{}}],"line":29}},"s":{"0":1,"1":1,"2":5,"3":5,"4":2,"5":3,"6":1,"7":5,"8":5,"9":2,"10":1,"11":2,"12":1,"13":1,"14":1,"15":1,"16":1,"17":5,"18":5,"19":2,"20":5,"21":5,"22":5,"23":5},"f":{"0":5,"1":5,"2":2,"3":1,"4":1,"5":5,"6":2,"7":5},"b":{"0":[2,3],"1":[1,1]},"meta":{"lastBranch":2,"lastFunction":8,"lastStatement":24,"seen":{"s:15:13:15:Infinity":0,"s:17:37:21:Infinity":1,"f:17:37:17:Infinity":0,"s:18:25:18:Infinity":2,"b:19:2:19:Infinity:undefined:undefined:undefined:undefined":0,"s:19:2:19:Infinity":3,"s:19:23:19:Infinity":4,"s:20:2:20:Infinity":5,"s:23:36:59:Infinity":6,"f:23:36:23:37":1,"s:25:33:25:Infinity":7,"s:27:25:35:Infinity":8,"f:27:25:27:26":2,"s:28:22:28:Infinity":9,"f:28:37:28:44":3,"s:28:44:28:62":10,"b:29:4:33:Infinity:undefined:undefined:undefined:undefined":1,"s:29:4:33:Infinity":11,"s:30:27:30:Infinity":12,"f:30:44:30:51":4,"s:30:51:30:69":13,"s:31:6:31:Infinity":14,"s:32:6:32:Infinity":15,"s:34:4:34:Infinity":16,"s:37:21:39:Infinity":17,"f:37:21:37:22":5,"s:38:4:38:Infinity":18,"f:38:26:38:33":6,"s:38:33:38:51":19,"s:41:24:41:40":20,"s:43:2:45:Infinity":21,"f:43:12:43:Infinity":7,"s:44:4:44:Infinity":22,"s:47:2:56:Infinity":23}}}
,"/home/otaku1944/Desktop/React-TS-2025-DevTalles/05-heroes-app/src/heroes/hooks/useHeroSummary.tsx": {"path":"/home/otaku1944/Desktop/React-TS-2025-DevTalles/05-heroes-app/src/heroes/hooks/useHeroSummary.tsx","statementMap":{"0":{"start":{"line":4,"column":30},"end":{"line":11,"column":null}},"1":{"start":{"line":6,"column":2},"end":{"line":10,"column":null}}},"fnMap":{"0":{"name":"(anonymous_0)","decl":{"start":{"line":4,"column":30},"end":{"line":4,"column":null}},"loc":{"start":{"line":4,"column":30},"end":{"line":11,"column":null}},"line":4}},"branchMap":{},"s":{"0":1,"1":5},"f":{"0":5},"b":{},"meta":{"lastBranch":0,"lastFunction":1,"lastStatement":2,"seen":{"s:4:30:11:Infinity":0,"f:4:30:4:Infinity":0,"s:6:2:10:Infinity":1}}}
,"/home/otaku1944/Desktop/React-TS-2025-DevTalles/05-heroes-app/src/heroes/hooks/usePaginatedHero.tsx": {"path":"/home/otaku1944/Desktop/React-TS-2025-DevTalles/05-heroes-app/src/heroes/hooks/usePaginatedHero.tsx","statementMap":{"0":{"start":{"line":4,"column":32},"end":{"line":13,"column":null}},"1":{"start":{"line":6,"column":2},"end":{"line":10,"column":null}},"2":{"start":{"line":8,"column":13},"end":{"line":8,"column":null}}},"fnMap":{"0":{"name":"(anonymous_0)","decl":{"start":{"line":4,"column":32},"end":{"line":4,"column":33}},"loc":{"start":{"line":4,"column":60},"end":{"line":13,"column":null}},"line":4},"1":{"name":"(anonymous_1)","decl":{"start":{"line":8,"column":13},"end":{"line":8,"column":19}},"loc":{"start":{"line":8,"column":13},"end":{"line":8,"column":null}},"line":8}},"branchMap":{},"s":{"0":1,"1":3,"2":2},"f":{"0":3,"1":2},"b":{},"meta":{"lastBranch":0,"lastFunction":2,"lastStatement":3,"seen":{"s:4:32:13:Infinity":0,"f:4:32:4:33":0,"s:6:2:10:Infinity":1,"f:8:13:8:19":1,"s:8:13:8:Infinity":2}}}
}
