{"/home/otaku1944/Desktop/React-TS-2025-DevTalles/03-gifs-app/src/GifsApp.tsx": {"path":"/home/otaku1944/Desktop/React-TS-2025-DevTalles/03-gifs-app/src/GifsApp.tsx","all":false,"statementMap":{"0":{"start":{"line":1,"column":0},"end":{"line":1,"column":48}},"1":{"start":{"line":2,"column":0},"end":{"line":2,"column":66}},"2":{"start":{"line":3,"column":0},"end":{"line":3,"column":60}},"3":{"start":{"line":4,"column":0},"end":{"line":4,"column":54}},"4":{"start":{"line":5,"column":0},"end":{"line":5,"column":47}},"6":{"start":{"line":7,"column":0},"end":{"line":7,"column":23}},"7":{"start":{"line":8,"column":0},"end":{"line":8,"column":75}},"9":{"start":{"line":10,"column":0},"end":{"line":10,"column":10}},"10":{"start":{"line":11,"column":0},"end":{"line":11,"column":6}},"12":{"start":{"line":13,"column":0},"end":{"line":13,"column":91}},"15":{"start":{"line":16,"column":0},"end":{"line":16,"column":16}},"16":{"start":{"line":17,"column":0},"end":{"line":17,"column":32}},"17":{"start":{"line":18,"column":0},"end":{"line":18,"column":30}},"21":{"start":{"line":22,"column":0},"end":{"line":22,"column":86}},"24":{"start":{"line":25,"column":0},"end":{"line":25,"column":29}},"27":{"start":{"line":28,"column":0},"end":{"line":28,"column":2}},"28":{"start":{"line":29,"column":0},"end":{"line":29,"column":23}}},"s":{"0":1,"1":1,"2":1,"3":1,"4":1,"6":1,"7":1,"9":1,"10":1,"12":1,"15":1,"16":1,"17":1,"21":1,"24":1,"27":1,"28":1},"branchMap":{"0":{"type":"branch","line":7,"loc":{"start":{"line":7,"column":16},"end":{"line":28,"column":2}},"locations":[{"start":{"line":7,"column":16},"end":{"line":28,"column":2}}]}},"b":{"0":[1]},"fnMap":{"0":{"name":"GifsApp","decl":{"start":{"line":7,"column":16},"end":{"line":28,"column":2}},"loc":{"start":{"line":7,"column":16},"end":{"line":28,"column":2}},"line":7}},"f":{"0":1}}
,"/home/otaku1944/Desktop/React-TS-2025-DevTalles/03-gifs-app/src/main.tsx": {"path":"/home/otaku1944/Desktop/React-TS-2025-DevTalles/03-gifs-app/src/main.tsx","all":true,"statementMap":{"0":{"start":{"line":1,"column":0},"end":{"line":1,"column":34}},"1":{"start":{"line":2,"column":0},"end":{"line":2,"column":45}},"2":{"start":{"line":3,"column":0},"end":{"line":3,"column":20}},"3":{"start":{"line":4,"column":0},"end":{"line":4,"column":31}},"4":{"start":{"line":5,"column":0},"end":{"line":5,"column":64}},"6":{"start":{"line":7,"column":0},"end":{"line":7,"column":52}},"7":{"start":{"line":8,"column":0},"end":{"line":8,"column":14}},"10":{"start":{"line":11,"column":0},"end":{"line":11,"column":15}}},"s":{"0":0,"1":0,"2":0,"3":0,"4":0,"6":0,"7":0,"10":0},"branchMap":{"0":{"type":"branch","line":1,"loc":{"start":{"line":1,"column":352},"end":{"line":22,"column":1}},"locations":[{"start":{"line":1,"column":352},"end":{"line":22,"column":1}}]}},"b":{"0":[0]},"fnMap":{"0":{"name":"(empty-report)","decl":{"start":{"line":1,"column":352},"end":{"line":22,"column":1}},"loc":{"start":{"line":1,"column":352},"end":{"line":22,"column":1}},"line":1}},"f":{"0":0}}
,"/home/otaku1944/Desktop/React-TS-2025-DevTalles/03-gifs-app/src/counter/components/MyCounterApp.tsx": {"path":"/home/otaku1944/Desktop/React-TS-2025-DevTalles/03-gifs-app/src/counter/components/MyCounterApp.tsx","all":false,"statementMap":{"0":{"start":{"line":1,"column":0},"end":{"line":1,"column":53}},"2":{"start":{"line":3,"column":0},"end":{"line":3,"column":28}},"3":{"start":{"line":4,"column":0},"end":{"line":4,"column":78}},"5":{"start":{"line":6,"column":0},"end":{"line":6,"column":10}},"6":{"start":{"line":7,"column":0},"end":{"line":7,"column":6}},"7":{"start":{"line":8,"column":0},"end":{"line":8,"column":10}},"8":{"start":{"line":9,"column":0},"end":{"line":9,"column":82}},"10":{"start":{"line":11,"column":0},"end":{"line":11,"column":36}},"11":{"start":{"line":12,"column":0},"end":{"line":12,"column":71}},"12":{"start":{"line":13,"column":0},"end":{"line":13,"column":51}},"13":{"start":{"line":14,"column":0},"end":{"line":14,"column":56}},"14":{"start":{"line":15,"column":0},"end":{"line":15,"column":55}},"19":{"start":{"line":20,"column":0},"end":{"line":20,"column":2}},"20":{"start":{"line":21,"column":0},"end":{"line":21,"column":28}}},"s":{"0":1,"2":1,"3":8,"5":8,"6":8,"7":8,"8":8,"10":8,"11":8,"12":8,"13":8,"14":8,"19":8,"20":1},"branchMap":{"0":{"type":"branch","line":3,"loc":{"start":{"line":3,"column":21},"end":{"line":20,"column":2}},"locations":[{"start":{"line":3,"column":21},"end":{"line":20,"column":2}}]}},"b":{"0":[8]},"fnMap":{"0":{"name":"MyCounterApp","decl":{"start":{"line":3,"column":21},"end":{"line":20,"column":2}},"loc":{"start":{"line":3,"column":21},"end":{"line":20,"column":2}},"line":3}},"f":{"0":8}}
,"/home/otaku1944/Desktop/React-TS-2025-DevTalles/03-gifs-app/src/counter/hooks/useCounterHook.tsx": {"path":"/home/otaku1944/Desktop/React-TS-2025-DevTalles/03-gifs-app/src/counter/hooks/useCounterHook.tsx","all":false,"statementMap":{"0":{"start":{"line":1,"column":0},"end":{"line":1,"column":33}},"3":{"start":{"line":4,"column":0},"end":{"line":4,"column":61}},"6":{"start":{"line":7,"column":0},"end":{"line":7,"column":55}},"8":{"start":{"line":9,"column":0},"end":{"line":9,"column":27}},"9":{"start":{"line":10,"column":0},"end":{"line":10,"column":27}},"10":{"start":{"line":11,"column":0},"end":{"line":11,"column":4}},"12":{"start":{"line":13,"column":0},"end":{"line":13,"column":33}},"13":{"start":{"line":14,"column":0},"end":{"line":14,"column":44}},"14":{"start":{"line":15,"column":0},"end":{"line":15,"column":4}},"16":{"start":{"line":17,"column":0},"end":{"line":17,"column":29}},"17":{"start":{"line":18,"column":0},"end":{"line":18,"column":28}},"18":{"start":{"line":19,"column":0},"end":{"line":19,"column":4}},"20":{"start":{"line":21,"column":0},"end":{"line":21,"column":10}},"21":{"start":{"line":22,"column":0},"end":{"line":22,"column":17}},"22":{"start":{"line":23,"column":0},"end":{"line":23,"column":12}},"24":{"start":{"line":25,"column":0},"end":{"line":25,"column":24}},"25":{"start":{"line":26,"column":0},"end":{"line":26,"column":14}},"26":{"start":{"line":27,"column":0},"end":{"line":27,"column":16}},"27":{"start":{"line":28,"column":0},"end":{"line":28,"column":20}},"28":{"start":{"line":29,"column":0},"end":{"line":29,"column":3}},"30":{"start":{"line":31,"column":0},"end":{"line":31,"column":2}}},"s":{"0":1,"3":1,"6":16,"8":16,"9":3,"10":3,"12":16,"13":6,"14":6,"16":16,"17":2,"18":2,"20":16,"21":16,"22":16,"24":16,"25":16,"26":16,"27":16,"28":16,"30":16},"branchMap":{"0":{"type":"branch","line":4,"loc":{"start":{"line":4,"column":27},"end":{"line":31,"column":2}},"locations":[{"start":{"line":4,"column":27},"end":{"line":31,"column":2}}]},"1":{"type":"branch","line":9,"loc":{"start":{"line":9,"column":20},"end":{"line":11,"column":4}},"locations":[{"start":{"line":9,"column":20},"end":{"line":11,"column":4}}]},"2":{"type":"branch","line":13,"loc":{"start":{"line":13,"column":26},"end":{"line":15,"column":4}},"locations":[{"start":{"line":13,"column":26},"end":{"line":15,"column":4}}]},"3":{"type":"branch","line":14,"loc":{"start":{"line":14,"column":15},"end":{"line":14,"column":44}},"locations":[{"start":{"line":14,"column":15},"end":{"line":14,"column":44}}]},"4":{"type":"branch","line":17,"loc":{"start":{"line":17,"column":22},"end":{"line":19,"column":4}},"locations":[{"start":{"line":17,"column":22},"end":{"line":19,"column":4}}]}},"b":{"0":[16],"1":[3],"2":[6],"3":[6],"4":[2]},"fnMap":{"0":{"name":"useCounter","decl":{"start":{"line":4,"column":27},"end":{"line":31,"column":2}},"loc":{"start":{"line":4,"column":27},"end":{"line":31,"column":2}},"line":4},"1":{"name":"handleAdd","decl":{"start":{"line":9,"column":20},"end":{"line":11,"column":4}},"loc":{"start":{"line":9,"column":20},"end":{"line":11,"column":4}},"line":9},"2":{"name":"handleSubstract","decl":{"start":{"line":13,"column":26},"end":{"line":15,"column":4}},"loc":{"start":{"line":13,"column":26},"end":{"line":15,"column":4}},"line":13},"3":{"name":"handleReset","decl":{"start":{"line":17,"column":22},"end":{"line":19,"column":4}},"loc":{"start":{"line":17,"column":22},"end":{"line":19,"column":4}},"line":17}},"f":{"0":16,"1":3,"2":6,"3":2}}
,"/home/otaku1944/Desktop/React-TS-2025-DevTalles/03-gifs-app/src/gifs/actions/get-gifs-by-query.action.ts": {"path":"/home/otaku1944/Desktop/React-TS-2025-DevTalles/03-gifs-app/src/gifs/actions/get-gifs-by-query.action.ts","all":false,"statementMap":{"3":{"start":{"line":4,"column":0},"end":{"line":4,"column":44}},"5":{"start":{"line":6,"column":0},"end":{"line":6,"column":72}},"6":{"start":{"line":7,"column":0},"end":{"line":7,"column":43}},"8":{"start":{"line":9,"column":0},"end":{"line":9,"column":7}},"9":{"start":{"line":10,"column":0},"end":{"line":10,"column":63}},"10":{"start":{"line":11,"column":0},"end":{"line":11,"column":13}},"11":{"start":{"line":12,"column":0},"end":{"line":12,"column":15}},"12":{"start":{"line":13,"column":0},"end":{"line":13,"column":14}},"13":{"start":{"line":14,"column":0},"end":{"line":14,"column":6}},"14":{"start":{"line":15,"column":0},"end":{"line":15,"column":5}},"15":{"start":{"line":16,"column":0},"end":{"line":16,"column":29}},"16":{"start":{"line":17,"column":0},"end":{"line":17,"column":43}},"17":{"start":{"line":18,"column":0},"end":{"line":18,"column":15}},"18":{"start":{"line":19,"column":0},"end":{"line":19,"column":21}},"19":{"start":{"line":20,"column":0},"end":{"line":20,"column":33}},"20":{"start":{"line":21,"column":0},"end":{"line":21,"column":46}},"21":{"start":{"line":22,"column":0},"end":{"line":22,"column":47}},"22":{"start":{"line":23,"column":0},"end":{"line":23,"column":8}},"23":{"start":{"line":24,"column":0},"end":{"line":24,"column":19}},"24":{"start":{"line":25,"column":0},"end":{"line":25,"column":25}},"25":{"start":{"line":26,"column":0},"end":{"line":26,"column":14}},"26":{"start":{"line":27,"column":0},"end":{"line":27,"column":3}},"29":{"start":{"line":30,"column":0},"end":{"line":30,"column":2}}},"s":{"3":1,"5":1,"6":6,"8":5,"9":5,"10":5,"11":5,"12":5,"13":5,"14":5,"15":4,"16":4,"17":25,"18":25,"19":25,"20":25,"21":25,"22":25,"23":4,"24":1,"25":1,"26":1,"29":6},"branchMap":{"0":{"type":"branch","line":6,"loc":{"start":{"line":6,"column":30},"end":{"line":30,"column":2}},"locations":[{"start":{"line":6,"column":30},"end":{"line":30,"column":2}}]},"1":{"type":"branch","line":7,"loc":{"start":{"line":7,"column":33},"end":{"line":7,"column":43}},"locations":[{"start":{"line":7,"column":33},"end":{"line":7,"column":43}}]},"2":{"type":"branch","line":7,"loc":{"start":{"line":7,"column":42},"end":{"line":15,"column":5}},"locations":[{"start":{"line":7,"column":42},"end":{"line":15,"column":5}}]},"3":{"type":"branch","line":15,"loc":{"start":{"line":15,"column":2},"end":{"line":27,"column":3}},"locations":[{"start":{"line":15,"column":2},"end":{"line":27,"column":3}}]},"4":{"type":"branch","line":24,"loc":{"start":{"line":24,"column":4},"end":{"line":27,"column":3}},"locations":[{"start":{"line":24,"column":4},"end":{"line":27,"column":3}}]},"5":{"type":"branch","line":17,"loc":{"start":{"line":17,"column":32},"end":{"line":23,"column":8}},"locations":[{"start":{"line":17,"column":32},"end":{"line":23,"column":8}}]}},"b":{"0":[6],"1":[1],"2":[5],"3":[4],"4":[1],"5":[25]},"fnMap":{"0":{"name":"getGifsByQuery","decl":{"start":{"line":6,"column":30},"end":{"line":30,"column":2}},"loc":{"start":{"line":6,"column":30},"end":{"line":30,"column":2}},"line":6}},"f":{"0":6}}
,"/home/otaku1944/Desktop/React-TS-2025-DevTalles/03-gifs-app/src/gifs/api/giphy.api.ts": {"path":"/home/otaku1944/Desktop/React-TS-2025-DevTalles/03-gifs-app/src/gifs/api/giphy.api.ts","all":false,"statementMap":{"0":{"start":{"line":1,"column":0},"end":{"line":1,"column":26}},"2":{"start":{"line":3,"column":0},"end":{"line":3,"column":38}},"3":{"start":{"line":4,"column":0},"end":{"line":4,"column":43}},"4":{"start":{"line":5,"column":0},"end":{"line":5,"column":11}},"5":{"start":{"line":6,"column":0},"end":{"line":6,"column":16}},"6":{"start":{"line":7,"column":0},"end":{"line":7,"column":49}},"7":{"start":{"line":8,"column":0},"end":{"line":8,"column":4}},"8":{"start":{"line":9,"column":0},"end":{"line":9,"column":3}}},"s":{"0":1,"2":1,"3":1,"4":1,"5":1,"6":1,"7":1,"8":1},"branchMap":{},"b":{},"fnMap":{},"f":{}}
,"/home/otaku1944/Desktop/React-TS-2025-DevTalles/03-gifs-app/src/gifs/components/GifList.tsx": {"path":"/home/otaku1944/Desktop/React-TS-2025-DevTalles/03-gifs-app/src/gifs/components/GifList.tsx","all":false,"statementMap":{"6":{"start":{"line":7,"column":0},"end":{"line":7,"column":40}},"7":{"start":{"line":8,"column":0},"end":{"line":8,"column":10}},"9":{"start":{"line":10,"column":0},"end":{"line":10,"column":42}},"11":{"start":{"line":12,"column":0},"end":{"line":12,"column":33}},"12":{"start":{"line":13,"column":0},"end":{"line":13,"column":55}},"13":{"start":{"line":14,"column":0},"end":{"line":14,"column":59}},"14":{"start":{"line":15,"column":0},"end":{"line":15,"column":38}},"15":{"start":{"line":16,"column":0},"end":{"line":16,"column":57}},"18":{"start":{"line":19,"column":0},"end":{"line":19,"column":14}},"22":{"start":{"line":23,"column":0},"end":{"line":23,"column":1}},"24":{"start":{"line":25,"column":0},"end":{"line":25,"column":23}}},"s":{"6":1,"7":1,"9":1,"11":1,"12":1,"13":1,"14":1,"15":1,"18":1,"22":1,"24":1},"branchMap":{"0":{"type":"branch","line":7,"loc":{"start":{"line":7,"column":16},"end":{"line":23,"column":1}},"locations":[{"start":{"line":7,"column":16},"end":{"line":23,"column":1}}]}},"b":{"0":[1]},"fnMap":{"0":{"name":"GifList","decl":{"start":{"line":7,"column":16},"end":{"line":23,"column":1}},"loc":{"start":{"line":7,"column":16},"end":{"line":23,"column":1}},"line":7}},"f":{"0":1}}
,"/home/otaku1944/Desktop/React-TS-2025-DevTalles/03-gifs-app/src/gifs/components/PreviousSearches.tsx": {"path":"/home/otaku1944/Desktop/React-TS-2025-DevTalles/03-gifs-app/src/gifs/components/PreviousSearches.tsx","all":false,"statementMap":{"7":{"start":{"line":8,"column":0},"end":{"line":8,"column":86}},"8":{"start":{"line":9,"column":0},"end":{"line":9,"column":10}},"9":{"start":{"line":10,"column":0},"end":{"line":10,"column":39}},"10":{"start":{"line":11,"column":0},"end":{"line":11,"column":32}},"11":{"start":{"line":12,"column":0},"end":{"line":12,"column":45}},"13":{"start":{"line":14,"column":0},"end":{"line":14,"column":33}},"14":{"start":{"line":15,"column":0},"end":{"line":15,"column":26}},"15":{"start":{"line":16,"column":0},"end":{"line":16,"column":48}},"16":{"start":{"line":17,"column":0},"end":{"line":17,"column":24}},"22":{"start":{"line":23,"column":0},"end":{"line":23,"column":2}},"24":{"start":{"line":25,"column":0},"end":{"line":25,"column":32}}},"s":{"7":1,"8":1,"9":1,"10":1,"11":1,"13":1,"14":1,"15":1,"16":1,"22":1,"24":1},"branchMap":{"0":{"type":"branch","line":8,"loc":{"start":{"line":8,"column":52},"end":{"line":23,"column":2}},"locations":[{"start":{"line":8,"column":52},"end":{"line":23,"column":2}}]}},"b":{"0":[1]},"fnMap":{"0":{"name":"PreviousSearches","decl":{"start":{"line":8,"column":52},"end":{"line":23,"column":2}},"loc":{"start":{"line":8,"column":52},"end":{"line":23,"column":2}},"line":8}},"f":{"0":1}}
,"/home/otaku1944/Desktop/React-TS-2025-DevTalles/03-gifs-app/src/gifs/hooks/useGifsHook.tsx": {"path":"/home/otaku1944/Desktop/React-TS-2025-DevTalles/03-gifs-app/src/gifs/hooks/useGifsHook.tsx","all":false,"statementMap":{"0":{"start":{"line":1,"column":0},"end":{"line":1,"column":41}},"1":{"start":{"line":2,"column":0},"end":{"line":2,"column":69}},"4":{"start":{"line":5,"column":0},"end":{"line":5,"column":47}},"5":{"start":{"line":6,"column":0},"end":{"line":6,"column":23}},"6":{"start":{"line":7,"column":0},"end":{"line":7,"column":46}},"7":{"start":{"line":8,"column":0},"end":{"line":8,"column":67}},"9":{"start":{"line":10,"column":0},"end":{"line":10,"column":55}},"11":{"start":{"line":12,"column":0},"end":{"line":12,"column":53}},"12":{"start":{"line":13,"column":0},"end":{"line":13,"column":33}},"13":{"start":{"line":14,"column":0},"end":{"line":14,"column":39}},"14":{"start":{"line":15,"column":0},"end":{"line":15,"column":12}},"15":{"start":{"line":16,"column":0},"end":{"line":16,"column":5}},"16":{"start":{"line":17,"column":0},"end":{"line":17,"column":44}},"17":{"start":{"line":18,"column":0},"end":{"line":18,"column":17}},"18":{"start":{"line":19,"column":0},"end":{"line":19,"column":35}},"19":{"start":{"line":20,"column":0},"end":{"line":20,"column":4}},"21":{"start":{"line":22,"column":0},"end":{"line":22,"column":54}},"22":{"start":{"line":23,"column":0},"end":{"line":23,"column":39}},"23":{"start":{"line":24,"column":0},"end":{"line":24,"column":35}},"24":{"start":{"line":25,"column":0},"end":{"line":25,"column":46}},"25":{"start":{"line":26,"column":0},"end":{"line":26,"column":61}},"27":{"start":{"line":28,"column":0},"end":{"line":28,"column":38}},"28":{"start":{"line":29,"column":0},"end":{"line":29,"column":57}},"29":{"start":{"line":30,"column":0},"end":{"line":30,"column":44}},"31":{"start":{"line":32,"column":0},"end":{"line":32,"column":53}},"32":{"start":{"line":33,"column":0},"end":{"line":33,"column":34}},"33":{"start":{"line":34,"column":0},"end":{"line":34,"column":51}},"34":{"start":{"line":35,"column":0},"end":{"line":35,"column":40}},"35":{"start":{"line":36,"column":0},"end":{"line":36,"column":12}},"36":{"start":{"line":37,"column":0},"end":{"line":37,"column":6}},"38":{"start":{"line":39,"column":0},"end":{"line":39,"column":53}},"39":{"start":{"line":40,"column":0},"end":{"line":40,"column":76}},"40":{"start":{"line":41,"column":0},"end":{"line":41,"column":45}},"41":{"start":{"line":42,"column":0},"end":{"line":42,"column":18}},"43":{"start":{"line":44,"column":0},"end":{"line":44,"column":64}},"44":{"start":{"line":45,"column":0},"end":{"line":45,"column":36}},"45":{"start":{"line":46,"column":0},"end":{"line":46,"column":48}},"46":{"start":{"line":47,"column":0},"end":{"line":47,"column":4}},"48":{"start":{"line":49,"column":0},"end":{"line":49,"column":10}},"49":{"start":{"line":50,"column":0},"end":{"line":50,"column":18}},"50":{"start":{"line":51,"column":0},"end":{"line":51,"column":9}},"51":{"start":{"line":52,"column":0},"end":{"line":52,"column":18}},"53":{"start":{"line":54,"column":0},"end":{"line":54,"column":25}},"54":{"start":{"line":55,"column":0},"end":{"line":55,"column":17}},"55":{"start":{"line":56,"column":0},"end":{"line":56,"column":22}},"56":{"start":{"line":57,"column":0},"end":{"line":57,"column":4}},"57":{"start":{"line":58,"column":0},"end":{"line":58,"column":1}},"58":{"start":{"line":59,"column":0},"end":{"line":59,"column":23}}},"s":{"0":1,"1":1,"4":1,"5":1,"6":8,"7":8,"9":8,"11":8,"12":2,"13":0,"14":0,"15":0,"16":2,"17":2,"18":2,"19":2,"21":8,"22":1,"23":1,"24":1,"25":1,"27":1,"28":1,"29":1,"31":1,"32":1,"33":0,"34":0,"35":0,"36":0,"38":1,"39":1,"40":1,"41":1,"43":1,"44":1,"45":1,"46":1,"48":8,"49":8,"50":8,"51":8,"53":8,"54":8,"55":8,"56":8,"57":8,"58":1},"branchMap":{"0":{"type":"branch","line":6,"loc":{"start":{"line":6,"column":16},"end":{"line":58,"column":1}},"locations":[{"start":{"line":6,"column":16},"end":{"line":58,"column":1}}]},"1":{"type":"branch","line":12,"loc":{"start":{"line":12,"column":28},"end":{"line":20,"column":4}},"locations":[{"start":{"line":12,"column":28},"end":{"line":20,"column":4}}]},"2":{"type":"branch","line":13,"loc":{"start":{"line":13,"column":32},"end":{"line":16,"column":5}},"locations":[{"start":{"line":13,"column":32},"end":{"line":16,"column":5}}]},"3":{"type":"branch","line":22,"loc":{"start":{"line":22,"column":23},"end":{"line":47,"column":4}},"locations":[{"start":{"line":22,"column":23},"end":{"line":47,"column":4}}]},"4":{"type":"branch","line":24,"loc":{"start":{"line":24,"column":28},"end":{"line":24,"column":35}},"locations":[{"start":{"line":24,"column":28},"end":{"line":24,"column":35}}]},"5":{"type":"branch","line":25,"loc":{"start":{"line":25,"column":39},"end":{"line":25,"column":46}},"locations":[{"start":{"line":25,"column":39},"end":{"line":25,"column":46}}]},"6":{"type":"branch","line":33,"loc":{"start":{"line":33,"column":33},"end":{"line":37,"column":6}},"locations":[{"start":{"line":33,"column":33},"end":{"line":37,"column":6}}]}},"b":{"0":[8],"1":[2],"2":[0],"3":[1],"4":[0],"5":[0],"6":[0]},"fnMap":{"0":{"name":"useGifs","decl":{"start":{"line":6,"column":16},"end":{"line":58,"column":1}},"loc":{"start":{"line":6,"column":16},"end":{"line":58,"column":1}},"line":6},"1":{"name":"handleTermClicked","decl":{"start":{"line":12,"column":28},"end":{"line":20,"column":4}},"loc":{"start":{"line":12,"column":28},"end":{"line":20,"column":4}},"line":12},"2":{"name":"handleSearch","decl":{"start":{"line":22,"column":23},"end":{"line":47,"column":4}},"loc":{"start":{"line":22,"column":23},"end":{"line":47,"column":4}},"line":22}},"f":{"0":8,"1":2,"2":1}}
,"/home/otaku1944/Desktop/React-TS-2025-DevTalles/03-gifs-app/src/gifs/interfaces/gif.interface.ts": {"path":"/home/otaku1944/Desktop/React-TS-2025-DevTalles/03-gifs-app/src/gifs/interfaces/gif.interface.ts","all":true,"statementMap":{},"s":{},"branchMap":{"0":{"type":"branch","line":1,"loc":{"start":{"line":1,"column":105},"end":{"line":7,"column":1}},"locations":[{"start":{"line":1,"column":105},"end":{"line":7,"column":1}}]}},"b":{"0":[1]},"fnMap":{"0":{"name":"(empty-report)","decl":{"start":{"line":1,"column":105},"end":{"line":7,"column":1}},"loc":{"start":{"line":1,"column":105},"end":{"line":7,"column":1}},"line":1}},"f":{"0":1}}
,"/home/otaku1944/Desktop/React-TS-2025-DevTalles/03-gifs-app/src/gifs/interfaces/giphy.response.ts": {"path":"/home/otaku1944/Desktop/React-TS-2025-DevTalles/03-gifs-app/src/gifs/interfaces/giphy.response.ts","all":true,"statementMap":{},"s":{},"branchMap":{"0":{"type":"branch","line":1,"loc":{"start":{"line":1,"column":3664},"end":{"line":145,"column":1}},"locations":[{"start":{"line":1,"column":3664},"end":{"line":145,"column":1}}]}},"b":{"0":[1]},"fnMap":{"0":{"name":"(empty-report)","decl":{"start":{"line":1,"column":3664},"end":{"line":145,"column":1}},"loc":{"start":{"line":1,"column":3664},"end":{"line":145,"column":1}},"line":1}},"f":{"0":1}}
,"/home/otaku1944/Desktop/React-TS-2025-DevTalles/03-gifs-app/src/mock-data/gifs.mock.ts": {"path":"/home/otaku1944/Desktop/React-TS-2025-DevTalles/03-gifs-app/src/mock-data/gifs.mock.ts","all":true,"statementMap":{"2":{"start":{"line":3,"column":0},"end":{"line":3,"column":32}},"3":{"start":{"line":4,"column":0},"end":{"line":4,"column":3}},"4":{"start":{"line":5,"column":0},"end":{"line":5,"column":12}},"5":{"start":{"line":6,"column":0},"end":{"line":6,"column":29}},"6":{"start":{"line":7,"column":0},"end":{"line":7,"column":185}},"7":{"start":{"line":8,"column":0},"end":{"line":8,"column":15}},"8":{"start":{"line":9,"column":0},"end":{"line":9,"column":16}},"9":{"start":{"line":10,"column":0},"end":{"line":10,"column":4}},"10":{"start":{"line":11,"column":0},"end":{"line":11,"column":3}},"11":{"start":{"line":12,"column":0},"end":{"line":12,"column":12}},"12":{"start":{"line":13,"column":0},"end":{"line":13,"column":23}},"13":{"start":{"line":14,"column":0},"end":{"line":14,"column":70}},"14":{"start":{"line":15,"column":0},"end":{"line":15,"column":15}},"15":{"start":{"line":16,"column":0},"end":{"line":16,"column":16}},"16":{"start":{"line":17,"column":0},"end":{"line":17,"column":4}},"17":{"start":{"line":18,"column":0},"end":{"line":18,"column":3}},"18":{"start":{"line":19,"column":0},"end":{"line":19,"column":12}},"19":{"start":{"line":20,"column":0},"end":{"line":20,"column":25}},"20":{"start":{"line":21,"column":0},"end":{"line":21,"column":185}},"21":{"start":{"line":22,"column":0},"end":{"line":22,"column":15}},"22":{"start":{"line":23,"column":0},"end":{"line":23,"column":16}},"23":{"start":{"line":24,"column":0},"end":{"line":24,"column":4}},"24":{"start":{"line":25,"column":0},"end":{"line":25,"column":3}},"25":{"start":{"line":26,"column":0},"end":{"line":26,"column":12}},"26":{"start":{"line":27,"column":0},"end":{"line":27,"column":23}},"27":{"start":{"line":28,"column":0},"end":{"line":28,"column":70}},"28":{"start":{"line":29,"column":0},"end":{"line":29,"column":15}},"29":{"start":{"line":30,"column":0},"end":{"line":30,"column":16}},"30":{"start":{"line":31,"column":0},"end":{"line":31,"column":4}},"31":{"start":{"line":32,"column":0},"end":{"line":32,"column":3}},"32":{"start":{"line":33,"column":0},"end":{"line":33,"column":12}},"33":{"start":{"line":34,"column":0},"end":{"line":34,"column":30}},"34":{"start":{"line":35,"column":0},"end":{"line":35,"column":185}},"35":{"start":{"line":36,"column":0},"end":{"line":36,"column":15}},"36":{"start":{"line":37,"column":0},"end":{"line":37,"column":16}},"37":{"start":{"line":38,"column":0},"end":{"line":38,"column":4}},"38":{"start":{"line":39,"column":0},"end":{"line":39,"column":3}},"39":{"start":{"line":40,"column":0},"end":{"line":40,"column":12}},"40":{"start":{"line":41,"column":0},"end":{"line":41,"column":31}},"41":{"start":{"line":42,"column":0},"end":{"line":42,"column":185}},"42":{"start":{"line":43,"column":0},"end":{"line":43,"column":15}},"43":{"start":{"line":44,"column":0},"end":{"line":44,"column":16}},"44":{"start":{"line":45,"column":0},"end":{"line":45,"column":4}},"45":{"start":{"line":46,"column":0},"end":{"line":46,"column":2}}},"s":{"2":0,"3":0,"4":0,"5":0,"6":0,"7":0,"8":0,"9":0,"10":0,"11":0,"12":0,"13":0,"14":0,"15":0,"16":0,"17":0,"18":0,"19":0,"20":0,"21":0,"22":0,"23":0,"24":0,"25":0,"26":0,"27":0,"28":0,"29":0,"30":0,"31":0,"32":0,"33":0,"34":0,"35":0,"36":0,"37":0,"38":0,"39":0,"40":0,"41":0,"42":0,"43":0,"44":0,"45":0},"branchMap":{"0":{"type":"branch","line":1,"loc":{"start":{"line":1,"column":1480},"end":{"line":46,"column":2}},"locations":[{"start":{"line":1,"column":1480},"end":{"line":46,"column":2}}]}},"b":{"0":[1]},"fnMap":{"0":{"name":"(empty-report)","decl":{"start":{"line":1,"column":1480},"end":{"line":46,"column":2}},"loc":{"start":{"line":1,"column":1480},"end":{"line":46,"column":2}},"line":1}},"f":{"0":1}}
,"/home/otaku1944/Desktop/React-TS-2025-DevTalles/03-gifs-app/src/shared/components/CustomHeader.tsx": {"path":"/home/otaku1944/Desktop/React-TS-2025-DevTalles/03-gifs-app/src/shared/components/CustomHeader.tsx","all":false,"statementMap":{"5":{"start":{"line":6,"column":0},"end":{"line":6,"column":55}},"6":{"start":{"line":7,"column":0},"end":{"line":7,"column":10}},"7":{"start":{"line":8,"column":0},"end":{"line":8,"column":36}},"8":{"start":{"line":9,"column":0},"end":{"line":9,"column":22}},"9":{"start":{"line":10,"column":0},"end":{"line":10,"column":42}},"12":{"start":{"line":13,"column":0},"end":{"line":13,"column":2}},"13":{"start":{"line":14,"column":0},"end":{"line":14,"column":28}}},"s":{"5":1,"6":4,"7":4,"8":4,"9":4,"12":4,"13":1},"branchMap":{"0":{"type":"branch","line":6,"loc":{"start":{"line":6,"column":21},"end":{"line":13,"column":2}},"locations":[{"start":{"line":6,"column":21},"end":{"line":13,"column":2}}]}},"b":{"0":[4]},"fnMap":{"0":{"name":"CustomHeader","decl":{"start":{"line":6,"column":21},"end":{"line":13,"column":2}},"loc":{"start":{"line":6,"column":21},"end":{"line":13,"column":2}},"line":6}},"f":{"0":4}}
,"/home/otaku1944/Desktop/React-TS-2025-DevTalles/03-gifs-app/src/shared/components/SearchBar.tsx": {"path":"/home/otaku1944/Desktop/React-TS-2025-DevTalles/03-gifs-app/src/shared/components/SearchBar.tsx","all":false,"statementMap":{"0":{"start":{"line":1,"column":0},"end":{"line":1,"column":44}},"7":{"start":{"line":8,"column":0},"end":{"line":8,"column":68}},"8":{"start":{"line":9,"column":0},"end":{"line":9,"column":41}},"10":{"start":{"line":11,"column":0},"end":{"line":11,"column":19}},"11":{"start":{"line":12,"column":0},"end":{"line":12,"column":40}},"12":{"start":{"line":13,"column":0},"end":{"line":13,"column":21}},"13":{"start":{"line":14,"column":0},"end":{"line":14,"column":12}},"15":{"start":{"line":16,"column":0},"end":{"line":16,"column":18}},"16":{"start":{"line":17,"column":0},"end":{"line":17,"column":30}},"17":{"start":{"line":18,"column":0},"end":{"line":18,"column":5}},"19":{"start":{"line":20,"column":0},"end":{"line":20,"column":22}},"22":{"start":{"line":23,"column":0},"end":{"line":23,"column":30}},"23":{"start":{"line":24,"column":0},"end":{"line":24,"column":19}},"24":{"start":{"line":25,"column":0},"end":{"line":25,"column":20}},"25":{"start":{"line":26,"column":0},"end":{"line":26,"column":4}},"27":{"start":{"line":28,"column":0},"end":{"line":28,"column":75}},"28":{"start":{"line":29,"column":0},"end":{"line":29,"column":31}},"29":{"start":{"line":30,"column":0},"end":{"line":30,"column":25}},"30":{"start":{"line":31,"column":0},"end":{"line":31,"column":9}},"31":{"start":{"line":32,"column":0},"end":{"line":32,"column":3}},"33":{"start":{"line":34,"column":0},"end":{"line":34,"column":10}},"34":{"start":{"line":35,"column":0},"end":{"line":35,"column":38}},"35":{"start":{"line":36,"column":0},"end":{"line":36,"column":13}},"36":{"start":{"line":37,"column":0},"end":{"line":37,"column":18}},"37":{"start":{"line":38,"column":0},"end":{"line":38,"column":31}},"38":{"start":{"line":39,"column":0},"end":{"line":39,"column":19}},"39":{"start":{"line":40,"column":0},"end":{"line":40,"column":56}},"40":{"start":{"line":41,"column":0},"end":{"line":41,"column":31}},"43":{"start":{"line":44,"column":0},"end":{"line":44,"column":14}},"44":{"start":{"line":45,"column":0},"end":{"line":45,"column":28}},"45":{"start":{"line":46,"column":0},"end":{"line":46,"column":22}},"48":{"start":{"line":49,"column":0},"end":{"line":49,"column":2}},"49":{"start":{"line":50,"column":0},"end":{"line":50,"column":25}}},"s":{"0":1,"7":1,"8":12,"10":12,"11":12,"12":2,"13":12,"15":12,"16":12,"17":12,"19":12,"22":12,"23":1,"24":1,"25":1,"27":12,"28":0,"29":0,"30":0,"31":0,"33":12,"34":12,"35":12,"36":12,"37":12,"38":12,"39":12,"40":12,"43":12,"44":12,"45":12,"48":12,"49":1},"branchMap":{"0":{"type":"branch","line":8,"loc":{"start":{"line":8,"column":18},"end":{"line":49,"column":2}},"locations":[{"start":{"line":8,"column":18},"end":{"line":49,"column":2}}]},"1":{"type":"branch","line":11,"loc":{"start":{"line":11,"column":12},"end":{"line":20,"column":5}},"locations":[{"start":{"line":11,"column":12},"end":{"line":20,"column":5}}]},"2":{"type":"branch","line":12,"loc":{"start":{"line":12,"column":33},"end":{"line":14,"column":7}},"locations":[{"start":{"line":12,"column":33},"end":{"line":14,"column":7}}]},"3":{"type":"branch","line":16,"loc":{"start":{"line":16,"column":11},"end":{"line":18,"column":5}},"locations":[{"start":{"line":16,"column":11},"end":{"line":18,"column":5}}]},"4":{"type":"branch","line":23,"loc":{"start":{"line":23,"column":23},"end":{"line":26,"column":4}},"locations":[{"start":{"line":23,"column":23},"end":{"line":26,"column":4}}]},"5":{"type":"branch","line":40,"loc":{"start":{"line":40,"column":16},"end":{"line":40,"column":56}},"locations":[{"start":{"line":40,"column":16},"end":{"line":40,"column":56}}]}},"b":{"0":[12],"1":[12],"2":[2],"3":[12],"4":[1],"5":[6]},"fnMap":{"0":{"name":"SearchBar","decl":{"start":{"line":8,"column":18},"end":{"line":49,"column":2}},"loc":{"start":{"line":8,"column":18},"end":{"line":49,"column":2}},"line":8},"1":{"name":"handleSearch","decl":{"start":{"line":23,"column":23},"end":{"line":26,"column":4}},"loc":{"start":{"line":23,"column":23},"end":{"line":26,"column":4}},"line":23},"2":{"name":"handleKeyDown","decl":{"start":{"line":28,"column":24},"end":{"line":32,"column":3}},"loc":{"start":{"line":28,"column":24},"end":{"line":32,"column":3}},"line":28},"3":{"name":"onChange","decl":{"start":{"line":40,"column":16},"end":{"line":40,"column":56}},"loc":{"start":{"line":40,"column":16},"end":{"line":40,"column":56}},"line":40}},"f":{"0":12,"1":1,"2":0,"3":6}}
}
